Error: Subcommand is missing or invalid. This command requires a valid sub-command.
Usage:
  pxctl clouddrive [flags]
  pxctl clouddrive [command]

Aliases:
  clouddrive, cd

Available Commands:
  inspect       Inspect and view all the drives of a DriveSet
  list          List all the cloud drives currently being used
  list-drives   List all the cloud drives currently being used
  transfer      Transfers the cloud drive set from given source node to a destination node
  update-labels Updates the labels on the drive set for the provided node.

Flags:
  -h, --help   help for clouddrive

Global Flags:
      --ca string            path to root certificate for ssl usage
      --cert string          path to client certificate for ssl usage
      --color                output with color coding
      --config string        config file (default is $HOME/.pxctl.yaml)
      --context string       context name that overrides the current auth context
  -j, --json                 output in json
      --key string           path to client key for ssl usage
      --output-type string   use "wide" to show more details
      --raw                  raw CLI output for instrumentation
      --ssl                  ssl enabled for portworx

Use "pxctl clouddrive [command] --help" for more information about a command.

